<?xml version="1.0" encoding="UTF-8"?>
<!-- Generated by org.testng.reporters.JUnitXMLReporter -->
<testsuite ignored="0" hostname="DESKTOP-QOFKB9B" failures="0" tests="3" name="Test" time="16.704" errors="0" timestamp="2023-12-09T13:17:02 IST">
  <testcase classname="Practice.RunningSampleCMDTest" name="googleURLTest" time="6.527"/>
  <testcase classname="Practice.RunningParticularClassUsingCMDTest" name="accessDemoWebShopURLTest" time="4.761"/>
  <testcase classname="Practice.RunningAllClassUsingCMDTest" name="amazonURLTest" time="5.334"/>
</testsuite> <!-- Test -->
