<?xml version="1.0" encoding="UTF-8"?>
<testsuite xmlns:xsi="http://www.w3.org/2001/XMLSchema-instance" xsi:noNamespaceSchemaLocation="https://maven.apache.org/surefire/maven-surefire-plugin/xsd/surefire-test-report-3.0.xsd" version="3.0" name="TestSuite" time="17.316" tests="3" errors="0" skipped="0" failures="0">
  <properties>
[...]
</properties>
  <testcase name="googleURLTest" classname="Practice.RunningSampleCMDTest" time="6.541">
    <system-out><![CDATA[Google Connected
]]></system-out>
    <system-err><![CDATA[SLF4J: Class path contains multiple SLF4J bindings.
SLF4J: Found binding in [jar:file:/C:/Users/KRISHNAIAHA/.m2/repository/org/slf4j/slf4j-simple/1.6.4/slf4j-simple-1.6.4.jar!/org/slf4j/impl/StaticLoggerBinder.class]
SLF4J: Found binding in [jar:file:/C:/Users/KRISHNAIAHA/.m2/repository/org/slf4j/slf4j-nop/1.7.28/slf4j-nop-1.7.28.jar!/org/slf4j/impl/StaticLoggerBinder.class]
SLF4J: See http://www.slf4j.org/codes.html#multiple_bindings for an explanation.
SLF4J: Actual binding is of type [org.slf4j.impl.SimpleLoggerFactory]
762 [main] INFO io.github.bonigarcia.wdm.WebDriverManager - Reading https://raw.githubusercontent.com/bonigarcia/webdrivermanager/master/docs/mirror/selenium to seek IEDriverServer
1234 [main] INFO io.github.bonigarcia.wdm.WebDriverManager - Exporting webdriver.ie.driver as C:\Users\KRISHNAIAHA\.cache\selenium\IEDriverServer\win64\4.14.0\IEDriverServer.exe
Dec 09, 2023 1:16:50 PM org.openqa.selenium.devtools.CdpVersionFinder findNearestMatch
WARNING: Unable to find an exact match for CDP version 119, returning the closest version; found: 118; Please update to a Selenium version that supports CDP version 119
]]></system-err>
  </testcase>
  <testcase name="accessDemoWebShopURLTest" classname="Practice.RunningParticularClassUsingCMDTest" time="4.769">
    <system-out><![CDATA[Demo Web Shop opened
]]></system-out>
    <system-err><![CDATA[7031 [main] INFO io.github.bonigarcia.wdm.WebDriverManager - Using chromedriver 119.0.6045.105 (resolved driver for Chrome 119)
7039 [main] INFO io.github.bonigarcia.wdm.WebDriverManager - Exporting webdriver.chrome.driver as C:\Users\KRISHNAIAHA\.cache\selenium\chromedriver\win64\119.0.6045.105\chromedriver.exe
Dec 09, 2023 1:16:54 PM org.openqa.selenium.devtools.CdpVersionFinder findNearestMatch
WARNING: Unable to find an exact match for CDP version 119, returning the closest version; found: 118; Please update to a Selenium version that supports CDP version 119
]]></system-err>
  </testcase>
  <testcase name="amazonURLTest" classname="Practice.RunningAllClassUsingCMDTest" time="5.325">
    <system-out><![CDATA[Amazon connected
]]></system-out>
    <system-err><![CDATA[11796 [main] INFO io.github.bonigarcia.wdm.WebDriverManager - Using geckodriver 0.33.0 (resolved driver for Firefox 120)
11814 [main] INFO io.github.bonigarcia.wdm.WebDriverManager - Exporting webdriver.gecko.driver as C:\Users\KRISHNAIAHA\.cache\selenium\geckodriver\win64\0.33.0\geckodriver.exe
]]></system-err>
  </testcase>
</testsuite>