<?xml version="1.0" encoding="UTF-8"?>
<testng-results ignored="0" total="1" passed="1" failed="0" skipped="0">
  <reporter-output>
  </reporter-output>
  <suite started-at="2023-12-09T13:18:47 IST" name="Surefire suite" finished-at="2023-12-09T13:18:52 IST" duration-ms="4990">
    <groups>
    </groups>
    <test started-at="2023-12-09T13:18:47 IST" name="Surefire test" finished-at="2023-12-09T13:18:52 IST" duration-ms="4990">
      <class name="ThirdPractice.ReadingDataFromCMDTest">
        <test-method signature="passDataFromCMDTest()[pri:0, instance:ThirdPractice.ReadingDataFromCMDTest@25084a1e]" started-at="2023-12-09T13:18:47 IST" name="passDataFromCMDTest" finished-at="2023-12-09T13:18:52 IST" duration-ms="4932" status="PASS">
          <reporter-output>
          </reporter-output>
        </test-method> <!-- passDataFromCMDTest -->
      </class> <!-- ThirdPractice.ReadingDataFromCMDTest -->
    </test> <!-- Surefire test -->
  </suite> <!-- Surefire suite -->
</testng-results>
